Arguments: 
  /home/aryan/.nvm/versions/node/v14.17.3/bin/node /home/aryan/.nvm/versions/node/v14.17.3/bin/yarn add node typesript express ts-node

PATH: 
  /opt/oracle/instantclient_12_2:/home/aryan/.vscode-server/bin/e7d7e9a9348e6a8cc8c03f877d39cb72e5dfb1ff/bin:/opt/oracle/instantclient_12_2:/home/aryan/.nvm/versions/node/v14.17.3/bin:/usr/local/sbin:/usr/local/bin:/usr/sbin:/usr/bin:/sbin:/bin:/usr/games:/usr/local/games:/mnt/c/Users/aryan/AppData/Local/Programs/Python/Python39/Scripts/:/mnt/c/Users/aryan/AppData/Local/Programs/Python/Python39/:/mnt/c/Program Files (x86)/Common Files/Oracle/Java/javapath:/mnt/c/Program Files (x86)/Common Files/Intel/Shared Libraries/redist/intel64/compiler:/mnt/c/ProgramData/Oracle/Java/javapath:/mnt/c/WINDOWS/system32:/mnt/c/WINDOWS:/mnt/c/WINDOWS/System32/Wbem:/mnt/c/WINDOWS/System32/WindowsPowerShell/v1.0/:/mnt/c/WINDOWS/System32/OpenSSH/:/mnt/c/Program Files/NVIDIA Corporation/NVIDIA NvDLISR:/mnt/c/ProgramData/chocolatey/bin:/mnt/c/Program Files/Git/cmd:/mnt/c/Program Files (x86)/NVIDIA Corporation/PhysX/Common:/mnt/c/Program Files/MATLAB/R2020b/bin:/mnt/c/mingw64/bin:/mnt/c/Program Files/nodejs/:/mnt/c/Program Files (x86)/Intel/Intel(R) Management Engine Components/DAL:/mnt/c/Program Files/Intel/Intel(R) Management Engine Components/DAL:/mnt/c/Program Files/erl10.7/bin:/mnt/c/Program Files (x86)/Elixir/bin:/mnt/c/Users/aryan/.mix/escripts:/mnt/c/Program Files/MySQL/MySQL Shell 8.0/bin/:/mnt/c/Users/aryan/.windows-build-tools/python27/:/mnt/c/Users/aryan/AppData/Local/Microsoft/WindowsApps:/mnt/c/Users/aryan/AppData/Local/Programs/Microsoft VS Code/bin:/mnt/c/PHP:/mnt/c/Program Files/heroku/bin:/mnt/c/Program Files/mingw-w64/x86_64-8.1.0-posix-seh-rt_v6-rev0/mingw64/bin:/mnt/c/Users/aryan/spicetify-cli:/mnt/c/Users/aryan/AppData/Roaming/npm

Yarn version: 
  1.22.10

Node version: 
  14.17.3

Platform: 
  linux x64

Trace: 
  Error: https://registry.yarnpkg.com/typesript: Not found
      at Request.params.callback [as _callback] (/home/aryan/.nvm/versions/node/v14.17.3/lib/node_modules/yarn/lib/cli.js:66988:18)
      at Request.self.callback (/home/aryan/.nvm/versions/node/v14.17.3/lib/node_modules/yarn/lib/cli.js:140662:22)
      at Request.emit (events.js:375:28)
      at Request.<anonymous> (/home/aryan/.nvm/versions/node/v14.17.3/lib/node_modules/yarn/lib/cli.js:141634:10)
      at Request.emit (events.js:375:28)
      at IncomingMessage.<anonymous> (/home/aryan/.nvm/versions/node/v14.17.3/lib/node_modules/yarn/lib/cli.js:141556:12)
      at Object.onceWrapper (events.js:481:28)
      at IncomingMessage.emit (events.js:387:35)
      at endReadableNT (internal/streams/readable.js:1317:12)
      at processTicksAndRejections (internal/process/task_queues.js:82:21)

npm manifest: 
  {
    "name": "server",
    "version": "1.0.0",
    "main": "index.js",
    "license": "MIT"
  }

yarn manifest: 
  No manifest

Lockfile: 
  No lockfile
